[20210307 020101]  /home/ubuntu/lsp_winter_backup_program/backup_program/backup_directory/test1.txt added
[20210307 020107]  /home/ubuntu/lsp_winter_backup_program/backup_program/backup_directory/test1.txt_20210307020107 generated
[20210307 020107]  /home/ubuntu/lsp_winter_backup_program/backup_program/backup_directory/test2.txt added
[20210307 020112]  /home/ubuntu/lsp_winter_backup_program/backup_program/backup_directory/test3.txt added
[20210307 020112]  /home/ubuntu/lsp_winter_backup_program/backup_program/backup_directory/test2.txt_20210307020112 generated
[20210307 020113]  /home/ubuntu/lsp_winter_backup_program/backup_program/backup_directory/test1.txt_20210307020113 generated
[20210307 020116]  /home/ubuntu/lsp_winter_backup_program/backup_program/backup_directory/test3.txt_20210307020116 generated
[20210307 020117]  /home/ubuntu/lsp_winter_backup_program/backup_program/backup_directory/test2.txt_20210307020117 generated
[20210307 020119]  /home/ubuntu/lsp_winter_backup_program/backup_program/backup_directory/test1.txt_20210307020119 generated
[20210307 020120]  /home/ubuntu/lsp_winter_backup_program/backup_program/backup_directory/test3.txt_20210307020120 generated
[20210307 020122]  /home/ubuntu/lsp_winter_backup_program/backup_program/backup_directory/test2.txt_20210307020122 generated
[20210307 020124]  /home/ubuntu/lsp_winter_backup_program/backup_program/backup_directory/test3.txt_20210307020124 generated
[20210307 020125]  /home/ubuntu/lsp_winter_backup_program/backup_program/backup_directory/test1.txt_20210307020125 generated
[20210307 020127]  /home/ubuntu/lsp_winter_backup_program/backup_program/backup_directory/test2.txt_20210307020127 generated
[20210307 020128]  /home/ubuntu/lsp_winter_backup_program/backup_program/backup_directory/test3.txt_20210307020128 generated
[20210307 020131]  /home/ubuntu/lsp_winter_backup_program/backup_program/backup_directory/test1.txt_20210307020131 generated
[20210307 020132]  /home/ubuntu/lsp_winter_backup_program/backup_program/backup_directory/test3.txt_20210307020132 generated
[20210307 020132]  /home/ubuntu/lsp_winter_backup_program/backup_program/backup_directory/test2.txt_20210307020132 generated
[20210307 020136]  /home/ubuntu/lsp_winter_backup_program/backup_program/backup_directory/test3.txt_20210307020136 generated
[20210307 020137]  /home/ubuntu/lsp_winter_backup_program/backup_program/backup_directory/test1.txt_20210307020137 generated
[20210307 020137]  /home/ubuntu/lsp_winter_backup_program/backup_program/backup_directory/test2.txt_20210307020137 generated
